[2021-01-22 11:34:29.776] [exthost] [info] extension host started
[2021-01-22 11:34:29.804] [exthost] [info] ExtensionService#_doActivateExtension vscode.microsoft-authentication {"startup":false,"extensionId":{"value":"vscode.microsoft-authentication","_lower":"vscode.microsoft-authentication"},"activationEvent":"onAuthenticationRequest:microsoft"}
[2021-01-22 11:34:29.804] [exthost] [info] ExtensionService#loadCommonJSModule file:///Applications/Visual Studio Code.app/Contents/Resources/app/extensions/microsoft-authentication/dist/extension.js
[2021-01-22 11:34:29.812] [exthost] [info] ExtensionService#_doActivateExtension vscode.debug-auto-launch {"startup":true,"extensionId":{"value":"vscode.debug-auto-launch","_lower":"vscode.debug-auto-launch"},"activationEvent":"*"}
[2021-01-22 11:34:29.812] [exthost] [info] ExtensionService#loadCommonJSModule file:///Applications/Visual Studio Code.app/Contents/Resources/app/extensions/debug-auto-launch/dist/extension
[2021-01-22 11:34:29.815] [exthost] [info] ExtensionService#_doActivateExtension vscode.emmet {"startup":true,"extensionId":{"value":"vscode.emmet","_lower":"vscode.emmet"},"activationEvent":"*"}
[2021-01-22 11:34:29.816] [exthost] [info] ExtensionService#loadCommonJSModule file:///Applications/Visual Studio Code.app/Contents/Resources/app/extensions/emmet/dist/node/emmetNodeMain
[2021-01-22 11:34:29.826] [exthost] [info] ExtensionService#_doActivateExtension vscode.git {"startup":true,"extensionId":{"value":"vscode.github","_lower":"vscode.github"},"activationEvent":"*"}
[2021-01-22 11:34:29.826] [exthost] [info] ExtensionService#loadCommonJSModule file:///Applications/Visual Studio Code.app/Contents/Resources/app/extensions/git/dist/main
[2021-01-22 11:34:29.839] [exthost] [info] ExtensionService#_doActivateExtension vscode.merge-conflict {"startup":true,"extensionId":{"value":"vscode.merge-conflict","_lower":"vscode.merge-conflict"},"activationEvent":"*"}
[2021-01-22 11:34:29.839] [exthost] [info] ExtensionService#loadCommonJSModule file:///Applications/Visual Studio Code.app/Contents/Resources/app/extensions/merge-conflict/dist/mergeConflictMain
[2021-01-22 11:34:29.842] [exthost] [info] ExtensionService#_doActivateExtension vscode.search-result {"startup":true,"extensionId":{"value":"vscode.search-result","_lower":"vscode.search-result"},"activationEvent":"*"}
[2021-01-22 11:34:29.842] [exthost] [info] ExtensionService#loadCommonJSModule file:///Applications/Visual Studio Code.app/Contents/Resources/app/extensions/search-result/dist/extension.js
[2021-01-22 11:34:29.843] [exthost] [info] ExtensionService#_doActivateExtension Equinusocio.vsc-material-theme {"startup":true,"extensionId":{"value":"Equinusocio.vsc-material-theme","_lower":"equinusocio.vsc-material-theme"},"activationEvent":"*"}
[2021-01-22 11:34:29.843] [exthost] [info] ExtensionService#loadCommonJSModule file:///Users/I339590/.vscode/extensions/equinusocio.vsc-material-theme-33.1.2/build/material.theme.config
[2021-01-22 11:34:29.862] [exthost] [info] ExtensionService#_doActivateExtension equinusocio.vsc-material-theme-icons {"startup":true,"extensionId":{"value":"equinusocio.vsc-material-theme-icons","_lower":"equinusocio.vsc-material-theme-icons"},"activationEvent":"*"}
[2021-01-22 11:34:29.862] [exthost] [info] ExtensionService#loadCommonJSModule file:///Users/I339590/.vscode/extensions/equinusocio.vsc-material-theme-icons-1.2.2/out/src/extension
[2021-01-22 11:34:29.884] [exthost] [info] ExtensionService#_doActivateExtension formulahendry.auto-rename-tag {"startup":true,"extensionId":{"value":"formulahendry.auto-rename-tag","_lower":"formulahendry.auto-rename-tag"},"activationEvent":"*"}
[2021-01-22 11:34:29.884] [exthost] [info] ExtensionService#loadCommonJSModule file:///Users/I339590/.vscode/extensions/formulahendry.auto-rename-tag-0.1.6/packages/extension/dist/extensionMain.js
[2021-01-22 11:34:29.891] [exthost] [info] ExtensionService#_doActivateExtension monokai.theme-monokai-pro-vscode {"startup":true,"extensionId":{"value":"monokai.theme-monokai-pro-vscode","_lower":"monokai.theme-monokai-pro-vscode"},"activationEvent":"*"}
[2021-01-22 11:34:29.891] [exthost] [info] ExtensionService#loadCommonJSModule file:///Users/I339590/.vscode/extensions/monokai.theme-monokai-pro-vscode-1.1.18/js/main
[2021-01-22 11:34:29.896] [exthost] [info] ExtensionService#_doActivateExtension ms-vsliveshare.vsliveshare {"startup":true,"extensionId":{"value":"ms-vsliveshare.vsliveshare","_lower":"ms-vsliveshare.vsliveshare"},"activationEvent":"*"}
[2021-01-22 11:34:29.896] [exthost] [info] ExtensionService#loadCommonJSModule file:///Users/I339590/.vscode/extensions/ms-vsliveshare.vsliveshare-1.0.3484/out/prod/extension-prod
[2021-01-22 11:34:30.002] [exthost] [info] ExtensionService#_doActivateExtension naumovs.color-highlight {"startup":true,"extensionId":{"value":"naumovs.color-highlight","_lower":"naumovs.color-highlight"},"activationEvent":"*"}
[2021-01-22 11:34:30.002] [exthost] [info] ExtensionService#loadCommonJSModule file:///Users/I339590/.vscode/extensions/naumovs.color-highlight-2.3.0/dist/extension
[2021-01-22 11:34:30.012] [exthost] [info] ExtensionService#_doActivateExtension PKief.material-icon-theme {"startup":true,"extensionId":{"value":"PKief.material-icon-theme","_lower":"pkief.material-icon-theme"},"activationEvent":"*"}
[2021-01-22 11:34:30.012] [exthost] [info] ExtensionService#loadCommonJSModule file:///Users/I339590/.vscode/extensions/pkief.material-icon-theme-4.5.0/dist/extension
[2021-01-22 11:34:30.023] [exthost] [info] ExtensionService#_doActivateExtension ritwickdey.LiveServer {"startup":true,"extensionId":{"value":"ritwickdey.LiveServer","_lower":"ritwickdey.liveserver"},"activationEvent":"*"}
[2021-01-22 11:34:30.023] [exthost] [info] ExtensionService#loadCommonJSModule file:///Users/I339590/.vscode/extensions/ritwickdey.liveserver-5.6.1/out/src/extension
[2021-01-22 11:34:30.543] [exthost] [info] ExtensionService#_doActivateExtension vincaslt.highlight-matching-tag {"startup":true,"extensionId":{"value":"vincaslt.highlight-matching-tag","_lower":"vincaslt.highlight-matching-tag"},"activationEvent":"*"}
[2021-01-22 11:34:30.543] [exthost] [info] ExtensionService#loadCommonJSModule file:///Users/I339590/.vscode/extensions/vincaslt.highlight-matching-tag-0.10.0/out/src/extension
[2021-01-22 11:34:30.600] [exthost] [info] ExtensionService#_doActivateExtension ms-vscode.js-debug {"startup":false,"extensionId":{"value":"ms-vscode.js-debug","_lower":"ms-vscode.js-debug"},"activationEvent":"onCommand:extension.js-debug.clearAutoAttachVariables"}
[2021-01-22 11:34:30.600] [exthost] [info] ExtensionService#loadCommonJSModule file:///Applications/Visual Studio Code.app/Contents/Resources/app/extensions/ms-vscode.js-debug/src/extension.js
[2021-01-22 11:34:30.684] [exthost] [info] ExtensionService#_doActivateExtension vscode.github-authentication {"startup":false,"extensionId":{"value":"vscode.github-authentication","_lower":"vscode.github-authentication"},"activationEvent":"onAuthenticationRequest:github"}
[2021-01-22 11:34:30.684] [exthost] [info] ExtensionService#loadCommonJSModule file:///Applications/Visual Studio Code.app/Contents/Resources/app/extensions/github-authentication/dist/extension.js
[2021-01-22 11:34:32.313] [exthost] [error] Activating extension ms-vsliveshare.vsliveshare failed due to an error:
[2021-01-22 11:34:32.313] [exthost] [error] Error: Agent terminated with exit code: 0 and signal null: A fatal error occurred. The required library libhostfxr.dylib could not be found.
If this is a self-contained application, that library should exist in [/Users/I339590/.vscode/extensions/ms-vsliveshare.vsliveshare-1.0.3484/dotnet_modules/].
If this is a framework-dependent application, install the runtime in the global location [/usr/local/share/dotnet] or use the DOTNET_ROOT environment variable to specify the runtime location or register the runtime location in [/etc/dotnet/install_location].

The .NET Core runtime can be found at:- https://aka.ms/dotnet-core-applaunch?missing_runtime=true&arch=x64&rid=osx.10.15-x64
    at ChildProcess.<anonymous> (/Users/I339590/.vscode/extensions/ms-vsliveshare.vsliveshare-1.0.3484/src/abstractions/node/agent.ts:290:32)
    at ChildProcess.emit (events.js:228:7)
    at maybeClose (internal/child_process.js:1021:16)
    at Socket.<anonymous> (internal/child_process.js:430:11)
    at Socket.emit (events.js:223:5)
    at Pipe.<anonymous> (net.js:664:12)
[2021-01-22 11:34:32.317] [exthost] [info] ExtensionService#_doActivateExtension vscode.github {"startup":true,"extensionId":{"value":"vscode.github","_lower":"vscode.github"},"activationEvent":"*"}
[2021-01-22 11:34:32.317] [exthost] [info] ExtensionService#loadCommonJSModule file:///Applications/Visual Studio Code.app/Contents/Resources/app/extensions/github/dist/extension.js
[2021-01-22 11:34:32.322] [exthost] [info] eager extensions activated
[2021-01-22 11:34:32.326] [exthost] [info] ExtensionService#_doActivateExtension eamodio.gitlens {"startup":false,"extensionId":{"value":"eamodio.gitlens","_lower":"eamodio.gitlens"},"activationEvent":"onStartupFinished"}
[2021-01-22 11:34:32.326] [exthost] [info] ExtensionService#loadCommonJSModule file:///Users/I339590/.vscode/extensions/eamodio.gitlens-11.1.3/dist/gitlens
[2021-01-22 11:34:32.406] [exthost] [info] ExtensionService#_doActivateExtension esbenp.prettier-vscode {"startup":false,"extensionId":{"value":"esbenp.prettier-vscode","_lower":"esbenp.prettier-vscode"},"activationEvent":"onStartupFinished"}
[2021-01-22 11:34:32.407] [exthost] [info] ExtensionService#loadCommonJSModule file:///Users/I339590/.vscode/extensions/esbenp.prettier-vscode-5.8.0/dist/extension
[2021-01-22 11:34:32.447] [exthost] [info] ExtensionService#_doActivateExtension ms-vscode-remote.remote-containers {"startup":false,"extensionId":{"value":"ms-vscode-remote.remote-containers","_lower":"ms-vscode-remote.remote-containers"},"activationEvent":"onStartupFinished"}
[2021-01-22 11:34:32.447] [exthost] [info] ExtensionService#loadCommonJSModule file:///Users/I339590/.vscode/extensions/ms-vscode-remote.remote-containers-0.155.1/dist/extension
